# JRE version: OpenJDK Runtime Environment (8.0_302-b08) (build 1.8.0_302-b08)
# Java VM: OpenJDK 64-Bit Server VM (25.302-b08 mixed mode windows-amd64 compressed oops)
Heap:
 PSYoungGen      total 280064K, used 16726K [0x000000076b100000, 0x000000077da80000, 0x00000007c0000000)
  eden space 265728K, 1% used [0x000000076b100000,0x000000076b3cfb68,0x000000077b480000)
  from space 14336K, 96% used [0x000000077c000000,0x000000077cd85fd8,0x000000077ce00000)
  to   space 12800K, 0% used [0x000000077ce00000,0x000000077ce00000,0x000000077da80000)
 ParOldGen       total 151040K, used 21551K [0x00000006c1200000, 0x00000006ca580000, 0x000000076b100000)
  object space 151040K, 14% used [0x00000006c1200000,0x00000006c270be88,0x00000006ca580000)
 Metaspace       used 51292K, capacity 54328K, committed 54448K, reserved 1095680K
  class space    used 7951K, capacity 8567K, committed 8624K, reserved 1048576K
GC Heap History (10 events):
Event: 4.907 GC heap before
{Heap before GC invocations=9 (full 2):
 PSYoungGen      total 179200K, used 166400K [0x000000076b100000, 0x0000000779080000, 0x00000007c0000000)
  eden space 166400K, 100% used [0x000000076b100000,0x0000000775380000,0x0000000775380000)
  from space 12800K, 0% used [0x0000000776080000,0x0000000776080000,0x0000000776d00000)
  to   space 13312K, 0% used [0x0000000775380000,0x0000000775380000,0x0000000776080000)
 ParOldGen       total 151040K, used 15276K [0x00000006c1200000, 0x00000006ca580000, 0x000000076b100000)
  object space 151040K, 10% used [0x00000006c1200000,0x00000006c20eb040,0x00000006ca580000)
 Metaspace       used 38750K, capacity 40965K, committed 41136K, reserved 1083392K
  class space    used 6290K, capacity 6726K, committed 6832K, reserved 1048576K
Event: 4.911 GC heap after
Heap after GC invocations=9 (full 2):
 PSYoungGen      total 179712K, used 4502K [0x000000076b100000, 0x000000077b700000, 0x00000007c0000000)
  eden space 166400K, 0% used [0x000000076b100000,0x000000076b100000,0x0000000775380000)
  from space 13312K, 33% used [0x0000000775380000,0x00000007757e5bd0,0x0000000776080000)
  to   space 13824K, 0% used [0x000000077a980000,0x000000077a980000,0x000000077b700000)
 ParOldGen       total 151040K, used 15284K [0x00000006c1200000, 0x00000006ca580000, 0x000000076b100000)
  object space 151040K, 10% used [0x00000006c1200000,0x00000006c20ed040,0x00000006ca580000)
 Metaspace       used 38750K, capacity 40965K, committed 41136K, reserved 1083392K
  class space    used 6290K, capacity 6726K, committed 6832K, reserved 1048576K
}
Event: 6.686 GC heap before
{Heap before GC invocations=10 (full 2):
 PSYoungGen      total 179712K, used 170902K [0x000000076b100000, 0x000000077b700000, 0x00000007c0000000)
  eden space 166400K, 100% used [0x000000076b100000,0x0000000775380000,0x0000000775380000)
  from space 13312K, 33% used [0x0000000775380000,0x00000007757e5bd0,0x0000000776080000)
  to   space 13824K, 0% used [0x000000077a980000,0x000000077a980000,0x000000077b700000)
 ParOldGen       total 151040K, used 15284K [0x00000006c1200000, 0x00000006ca580000, 0x000000076b100000)
  object space 151040K, 10% used [0x00000006c1200000,0x00000006c20ed040,0x00000006ca580000)
 Metaspace       used 50391K, capacity 53190K, committed 53296K, reserved 1093632K
  class space    used 7863K, capacity 8404K, committed 8496K, reserved 1048576K
Event: 6.697 GC heap after
Heap after GC invocations=10 (full 2):
 PSYoungGen      total 248320K, used 13805K [0x000000076b100000, 0x000000077ba00000, 0x00000007c0000000)
  eden space 234496K, 0% used [0x000000076b100000,0x000000076b100000,0x0000000779600000)
  from space 13824K, 99% used [0x000000077a980000,0x000000077b6fb720,0x000000077b700000)
  to   space 18432K, 0% used [0x0000000779600000,0x0000000779600000,0x000000077a800000)
 ParOldGen       total 151040K, used 21519K [0x00000006c1200000, 0x00000006ca580000, 0x000000076b100000)
  object space 151040K, 14% used [0x00000006c1200000,0x00000006c2703e88,0x00000006ca580000)
 Metaspace       used 50391K, capacity 53190K, committed 53296K, reserved 1093632K
  class space    used 7863K, capacity 8404K, committed 8496K, reserved 1048576K
}
Event: 33.199 GC heap before
{Heap before GC invocations=11 (full 2):
 PSYoungGen      total 248320K, used 248301K [0x000000076b100000, 0x000000077ba00000, 0x00000007c0000000)
  eden space 234496K, 100% used [0x000000076b100000,0x0000000779600000,0x0000000779600000)
  from space 13824K, 99% used [0x000000077a980000,0x000000077b6fb720,0x000000077b700000)
  to   space 18432K, 0% used [0x0000000779600000,0x0000000779600000,0x000000077a800000)
 ParOldGen       total 151040K, used 21519K [0x00000006c1200000, 0x00000006ca580000, 0x000000076b100000)
  object space 151040K, 14% used [0x00000006c1200000,0x00000006c2703e88,0x00000006ca580000)
 Metaspace       used 50698K, capacity 53708K, committed 53808K, reserved 1095680K
  class space    used 7898K, capacity 8459K, committed 8496K, reserved 1048576K
Event: 33.205 GC heap after
Heap after GC invocations=11 (full 2):
 PSYoungGen      total 252928K, used 12316K [0x000000076b100000, 0x000000077e900000, 0x00000007c0000000)
  eden space 234496K, 0% used [0x000000076b100000,0x000000076b100000,0x0000000779600000)
  from space 18432K, 66% used [0x0000000779600000,0x000000077a207010,0x000000077a800000)
  to   space 18432K, 0% used [0x000000077d700000,0x000000077d700000,0x000000077e900000)
 ParOldGen       total 151040K, used 21535K [0x00000006c1200000, 0x00000006ca580000, 0x000000076b100000)
  object space 151040K, 14% used [0x00000006c1200000,0x00000006c2707e88,0x00000006ca580000)
 Metaspace       used 50698K, capacity 53708K, committed 53808K, reserved 1095680K
  class space    used 7898K, capacity 8459K, committed 8496K, reserved 1048576K
}
Event: 59.973 GC heap before
{Heap before GC invocations=12 (full 2):
 PSYoungGen      total 252928K, used 246812K [0x000000076b100000, 0x000000077e900000, 0x00000007c0000000)
  eden space 234496K, 100% used [0x000000076b100000,0x0000000779600000,0x0000000779600000)
  from space 18432K, 66% used [0x0000000779600000,0x000000077a207010,0x000000077a800000)
  to   space 18432K, 0% used [0x000000077d700000,0x000000077d700000,0x000000077e900000)
 ParOldGen       total 151040K, used 21535K [0x00000006c1200000, 0x00000006ca580000, 0x000000076b100000)
  object space 151040K, 14% used [0x00000006c1200000,0x00000006c2707e88,0x00000006ca580000)
 Metaspace       used 50783K, capacity 53772K, committed 54064K, reserved 1095680K
  class space    used 7898K, capacity 8459K, committed 8496K, reserved 1048576K
Event: 59.979 GC heap after
Heap after GC invocations=12 (full 2):
 PSYoungGen      total 287744K, used 12908K [0x000000076b100000, 0x000000077e400000, 0x00000007c0000000)
  eden space 274432K, 0% used [0x000000076b100000,0x000000076b100000,0x000000077bd00000)
  from space 13312K, 96% used [0x000000077d700000,0x000000077e39b000,0x000000077e400000)
  to   space 18432K, 0% used [0x000000077c000000,0x000000077c000000,0x000000077d200000)
 ParOldGen       total 151040K, used 21543K [0x00000006c1200000, 0x00000006ca580000, 0x000000076b100000)
  object space 151040K, 14% used [0x00000006c1200000,0x00000006c2709e88,0x00000006ca580000)
 Metaspace       used 50783K, capacity 53772K, committed 54064K, reserved 1095680K
  class space    used 7898K, capacity 8459K, committed 8496K, reserved 1048576K
}
Event: 90.372 GC heap before
{Heap before GC invocations=13 (full 2):
 PSYoungGen      total 287744K, used 287340K [0x000000076b100000, 0x000000077e400000, 0x00000007c0000000)
  eden space 274432K, 100% used [0x000000076b100000,0x000000077bd00000,0x000000077bd00000)
  from space 13312K, 96% used [0x000000077d700000,0x000000077e39b000,0x000000077e400000)
  to   space 18432K, 0% used [0x000000077c000000,0x000000077c000000,0x000000077d200000)
 ParOldGen       total 151040K, used 21543K [0x00000006c1200000, 0x00000006ca580000, 0x000000076b100000)
  object space 151040K, 14% used [0x00000006c1200000,0x00000006c2709e88,0x00000006ca580000)
 Metaspace       used 51276K, capacity 54304K, committed 54448K, reserved 1095680K
  class space    used 7947K, capacity 8563K, committed 8624K, reserved 1048576K
Event: 90.380 GC heap after
Heap after GC invocations=13 (full 2):
 PSYoungGen      total 280064K, used 13847K [0x000000076b100000, 0x000000077da80000, 0x00000007c0000000)
  eden space 265728K, 0% used [0x000000076b100000,0x000000076b100000,0x000000077b480000)
  from space 14336K, 96% used [0x000000077c000000,0x000000077cd85fd8,0x000000077ce00000)
  to   space 12800K, 0% used [0x000000077ce00000,0x000000077ce00000,0x000000077da80000)
 ParOldGen       total 151040K, used 21551K [0x00000006c1200000, 0x00000006ca580000, 0x000000076b100000)
  object space 151040K, 14% used [0x00000006c1200000,0x00000006c270be88,0x00000006ca580000)
 Metaspace       used 51276K, capacity 54304K, committed 54448K, reserved 1095680K
  class space    used 7947K, capacity 8563K, committed 8624K, reserved 1048576K
}

