# JRE version: Java(TM) SE Runtime Environment (14.0.2+12) (build 14.0.2+12-46)
# Java VM: Java HotSpot(TM) 64-Bit Server VM (14.0.2+12-46, mixed mode, sharing, tiered, compressed oops, g1 gc, windows-amd64)
Heap:
 garbage-first heap   total 103424K, used 64029K [0x0000000704e00000, 0x0000000800000000)
  region size 1024K, 31 young (31744K), 2 survivors (2048K)
 Metaspace       used 53086K, capacity 54891K, committed 55040K, reserved 1097728K
  class space    used 6988K, capacity 7680K, committed 7680K, reserved 1048576K
GC Heap History (20 events):
Event: 1355.466 GC heap before
{Heap before GC invocations=61 (full 0):
 garbage-first heap   total 103424K, used 86730K [0x0000000704e00000, 0x0000000800000000)
  region size 1024K, 52 young (53248K), 1 survivors (1024K)
 Metaspace       used 53035K, capacity 54841K, committed 55040K, reserved 1097728K
  class space    used 6979K, capacity 7642K, committed 7680K, reserved 1048576K
}
Event: 1355.469 GC heap after
{Heap after GC invocations=62 (full 0):
 garbage-first heap   total 103424K, used 35291K [0x0000000704e00000, 0x0000000800000000)
  region size 1024K, 2 young (2048K), 2 survivors (2048K)
 Metaspace       used 53035K, capacity 54841K, committed 55040K, reserved 1097728K
  class space    used 6979K, capacity 7642K, committed 7680K, reserved 1048576K
}
Event: 1370.250 GC heap before
{Heap before GC invocations=62 (full 0):
 garbage-first heap   total 103424K, used 86491K [0x0000000704e00000, 0x0000000800000000)
  region size 1024K, 52 young (53248K), 2 survivors (2048K)
 Metaspace       used 53035K, capacity 54841K, committed 55040K, reserved 1097728K
  class space    used 6979K, capacity 7642K, committed 7680K, reserved 1048576K
}
Event: 1370.253 GC heap after
{Heap after GC invocations=63 (full 0):
 garbage-first heap   total 103424K, used 35371K [0x0000000704e00000, 0x0000000800000000)
  region size 1024K, 2 young (2048K), 2 survivors (2048K)
 Metaspace       used 53035K, capacity 54841K, committed 55040K, reserved 1097728K
  class space    used 6979K, capacity 7642K, committed 7680K, reserved 1048576K
}
Event: 1384.928 GC heap before
{Heap before GC invocations=63 (full 0):
 garbage-first heap   total 103424K, used 86571K [0x0000000704e00000, 0x0000000800000000)
  region size 1024K, 52 young (53248K), 2 survivors (2048K)
 Metaspace       used 53035K, capacity 54841K, committed 55040K, reserved 1097728K
  class space    used 6979K, capacity 7642K, committed 7680K, reserved 1048576K
}
Event: 1384.930 GC heap after
{Heap after GC invocations=64 (full 0):
 garbage-first heap   total 103424K, used 34780K [0x0000000704e00000, 0x0000000800000000)
  region size 1024K, 1 young (1024K), 1 survivors (1024K)
 Metaspace       used 53035K, capacity 54841K, committed 55040K, reserved 1097728K
  class space    used 6979K, capacity 7642K, committed 7680K, reserved 1048576K
}
Event: 1400.654 GC heap before
{Heap before GC invocations=64 (full 0):
 garbage-first heap   total 103424K, used 87004K [0x0000000704e00000, 0x0000000800000000)
  region size 1024K, 52 young (53248K), 1 survivors (1024K)
 Metaspace       used 53035K, capacity 54841K, committed 55040K, reserved 1097728K
  class space    used 6979K, capacity 7642K, committed 7680K, reserved 1048576K
}
Event: 1400.657 GC heap after
{Heap after GC invocations=65 (full 0):
 garbage-first heap   total 103424K, used 35322K [0x0000000704e00000, 0x0000000800000000)
  region size 1024K, 2 young (2048K), 2 survivors (2048K)
 Metaspace       used 53035K, capacity 54841K, committed 55040K, reserved 1097728K
  class space    used 6979K, capacity 7642K, committed 7680K, reserved 1048576K
}
Event: 1415.308 GC heap before
{Heap before GC invocations=65 (full 0):
 garbage-first heap   total 103424K, used 86522K [0x0000000704e00000, 0x0000000800000000)
  region size 1024K, 52 young (53248K), 2 survivors (2048K)
 Metaspace       used 53035K, capacity 54841K, committed 55040K, reserved 1097728K
  class space    used 6979K, capacity 7642K, committed 7680K, reserved 1048576K
}
Event: 1415.310 GC heap after
{Heap after GC invocations=66 (full 0):
 garbage-first heap   total 103424K, used 34324K [0x0000000704e00000, 0x0000000800000000)
  region size 1024K, 1 young (1024K), 1 survivors (1024K)
 Metaspace       used 53035K, capacity 54841K, committed 55040K, reserved 1097728K
  class space    used 6979K, capacity 7642K, committed 7680K, reserved 1048576K
}
Event: 1429.496 GC heap before
{Heap before GC invocations=66 (full 0):
 garbage-first heap   total 103424K, used 86548K [0x0000000704e00000, 0x0000000800000000)
  region size 1024K, 52 young (53248K), 1 survivors (1024K)
 Metaspace       used 53035K, capacity 54841K, committed 55040K, reserved 1097728K
  class space    used 6979K, capacity 7642K, committed 7680K, reserved 1048576K
}
Event: 1429.499 GC heap after
{Heap after GC invocations=67 (full 0):
 garbage-first heap   total 103424K, used 35197K [0x0000000704e00000, 0x0000000800000000)
  region size 1024K, 2 young (2048K), 2 survivors (2048K)
 Metaspace       used 53035K, capacity 54841K, committed 55040K, reserved 1097728K
  class space    used 6979K, capacity 7642K, committed 7680K, reserved 1048576K
}
Event: 1444.064 GC heap before
{Heap before GC invocations=67 (full 0):
 garbage-first heap   total 103424K, used 86397K [0x0000000704e00000, 0x0000000800000000)
  region size 1024K, 52 young (53248K), 2 survivors (2048K)
 Metaspace       used 53035K, capacity 54841K, committed 55040K, reserved 1097728K
  class space    used 6979K, capacity 7642K, committed 7680K, reserved 1048576K
}
Event: 1444.067 GC heap after
{Heap after GC invocations=68 (full 0):
 garbage-first heap   total 103424K, used 35353K [0x0000000704e00000, 0x0000000800000000)
  region size 1024K, 2 young (2048K), 2 survivors (2048K)
 Metaspace       used 53035K, capacity 54841K, committed 55040K, reserved 1097728K
  class space    used 6979K, capacity 7642K, committed 7680K, reserved 1048576K
}
Event: 1458.678 GC heap before
{Heap before GC invocations=68 (full 0):
 garbage-first heap   total 103424K, used 86553K [0x0000000704e00000, 0x0000000800000000)
  region size 1024K, 52 young (53248K), 2 survivors (2048K)
 Metaspace       used 53035K, capacity 54841K, committed 55040K, reserved 1097728K
  class space    used 6979K, capacity 7642K, committed 7680K, reserved 1048576K
}
Event: 1458.680 GC heap after
{Heap after GC invocations=69 (full 0):
 garbage-first heap   total 103424K, used 34580K [0x0000000704e00000, 0x0000000800000000)
  region size 1024K, 1 young (1024K), 1 survivors (1024K)
 Metaspace       used 53035K, capacity 54841K, committed 55040K, reserved 1097728K
  class space    used 6979K, capacity 7642K, committed 7680K, reserved 1048576K
}
Event: 1473.129 GC heap before
{Heap before GC invocations=69 (full 0):
 garbage-first heap   total 103424K, used 86804K [0x0000000704e00000, 0x0000000800000000)
  region size 1024K, 52 young (53248K), 1 survivors (1024K)
 Metaspace       used 53035K, capacity 54841K, committed 55040K, reserved 1097728K
  class space    used 6979K, capacity 7642K, committed 7680K, reserved 1048576K
}
Event: 1473.132 GC heap after
{Heap after GC invocations=70 (full 0):
 garbage-first heap   total 103424K, used 35328K [0x0000000704e00000, 0x0000000800000000)
  region size 1024K, 2 young (2048K), 2 survivors (2048K)
 Metaspace       used 53035K, capacity 54841K, committed 55040K, reserved 1097728K
  class space    used 6979K, capacity 7642K, committed 7680K, reserved 1048576K
}
Event: 1488.271 GC heap before
{Heap before GC invocations=70 (full 0):
 garbage-first heap   total 103424K, used 86528K [0x0000000704e00000, 0x0000000800000000)
  region size 1024K, 52 young (53248K), 2 survivors (2048K)
 Metaspace       used 53035K, capacity 54841K, committed 55040K, reserved 1097728K
  class space    used 6979K, capacity 7642K, committed 7680K, reserved 1048576K
}
Event: 1488.274 GC heap after
{Heap after GC invocations=71 (full 0):
 garbage-first heap   total 103424K, used 35357K [0x0000000704e00000, 0x0000000800000000)
  region size 1024K, 2 young (2048K), 2 survivors (2048K)
 Metaspace       used 53035K, capacity 54841K, committed 55040K, reserved 1097728K
  class space    used 6979K, capacity 7642K, committed 7680K, reserved 1048576K
}

